2018-05-09 07:33:54|   0.0|  0.0|INFORM|FME 2018.0.0.0 Beta (20171128 - Build 18220 - WIN64)
2018-05-09 07:33:54|   0.0|  0.0|INFORM|FME_HOME is 'C:\Program Files\FME\'
2018-05-09 07:33:54|   0.0|  0.0|INFORM|FME Desktop Smallworld Edition (floating)
2018-05-09 07:33:54|   0.0|  0.0|INFORM|Permanent License.
2018-05-09 07:33:54|   0.0|  0.0|INFORM|Machine host name is: ah-meisami-10
2018-05-09 07:33:54|   0.0|  0.0|INFORM|START - ProcessID: 5048, peak process memory usage: 30128 kB, current process memory usage: 29932 kB
2018-05-09 07:33:54|   0.0|  0.0|INFORM|FME Configuration: Command line arguments are `C:\Program Files\FME\fme.exe' `C:/Users/Ah_Meisami/Desktop/call wms from leaflet/data/safe\wb-xlate-1525835033286_14260' `LOG_STANDARDOUT' `YES' `LogCountServerName' `{56226bfe-6331-48f6-9573-1b57f6c4fc8c}'
2018-05-09 07:33:54|   0.1|  0.0|INFORM|Shared folders for formats are : C:\Program Files\FME\datasources;C:\Users\Ah_Meisami\Documents\FME\Formats
2018-05-09 07:33:54|   0.1|  0.0|INFORM|Shared folders for transformers are : C:\Users\Ah_Meisami\AppData\Roaming\Safe Software\FME\Packages\18220\transformers;C:\Program Files\FME\transformers;C:\Users\Ah_Meisami\Documents\FME\Transformers
2018-05-09 07:33:54|   0.1|  0.0|INFORM|Shared folders for coordinate systems are : C:\Users\Ah_Meisami\Documents\FME\CoordinateSystems
2018-05-09 07:33:54|   0.1|  0.0|INFORM|Shared folders for coordinate system exceptions are : C:\Users\Ah_Meisami\Documents\FME\CoordinateSystemExceptions
2018-05-09 07:33:54|   0.1|  0.0|INFORM|Shared folders for coordinate system grid overrides are : C:\Users\Ah_Meisami\Documents\FME\CoordinateSystemGridOverrides
2018-05-09 07:33:54|   0.1|  0.0|INFORM|Shared folders for CS-MAP transformation exceptions are : C:\Users\Ah_Meisami\Documents\FME\CsmapTransformationExceptions
2018-05-09 07:33:54|   0.1|  0.0|INFORM|Shared folders for transformer categories are : C:\Users\Ah_Meisami\Documents\FME\TransformerCategories
2018-05-09 07:33:54|   0.1|  0.0|INFORM|FME Configuration: Reader Keyword is `ESRISHAPE_1'
2018-05-09 07:33:54|   0.1|  0.0|INFORM|FME Configuration: Writer Keyword is `MULTI_WRITER'
2018-05-09 07:33:54|   0.1|  0.0|INFORM|FME Configuration: Writer Group Definition Keyword is `MULTI_WRITER_DEF'
2018-05-09 07:33:54|   0.1|  0.0|INFORM|FME Configuration: Reader type is `ESRISHAPE'
2018-05-09 07:33:54|   0.1|  0.0|INFORM|FME Configuration: Writer type is `MULTI_WRITER'
2018-05-09 07:33:54|   0.1|  0.0|INFORM|FME Configuration: No destination coordinate system set
2018-05-09 07:33:54|   0.1|  0.0|INFORM|FME Configuration: Current working folder is `C:\Users\Ah_Meisami\Desktop\call wms from leaflet\data\safe'
2018-05-09 07:33:54|   0.1|  0.0|INFORM|FME Configuration: Temporary folder is `C:\Users\AH_MEI~1\AppData\Local\Temp', set from environment variable `TEMP'
2018-05-09 07:33:54|   0.1|  0.0|INFORM|FME Configuration: FME_HOME is `C:\Program Files\FME\'
2018-05-09 07:33:54|   0.1|  0.0|INFORM|FME Configuration: FME_BASE is 'no'
2018-05-09 07:33:54|   0.1|  0.0|INFORM|FME Configuration: FME_MF_DIR is 'C:\Users\Ah_Meisami\Desktop\call wms from leaflet\data\safe/'
2018-05-09 07:33:54|   0.1|  0.0|INFORM|FME Configuration: FME_MF_NAME is 'esrishape2geojson_world.fmw'
2018-05-09 07:33:54|   0.1|  0.0|INFORM|FME Configuration: FME_PRODUCT_NAME is 'FME(R) 2018.0.0.0'
2018-05-09 07:33:54|   0.1|  0.0|INFORM|System Status: 60.58 GB of disk space available in the FME temporary folder (C:\Users\AH_MEI~1\AppData\Local\Temp)
2018-05-09 07:33:54|   0.1|  0.0|INFORM|System Status: 128.00 TB of virtual memory available
2018-05-09 07:33:54|   0.1|  0.0|INFORM|Operating System: Microsoft Windows 10 64-bit  (Build 16299)
2018-05-09 07:33:54|   0.1|  0.0|INFORM|FME Platform: WIN64
2018-05-09 07:33:54|   0.1|  0.0|INFORM|Locale: en_US
2018-05-09 07:33:54|   0.1|  0.0|INFORM|Code Page: 1252  (ANSI - Latin I)
2018-05-09 07:33:54|   0.1|  0.0|INFORM|FME Configuration: Process limit is 63.94 GB of physical memory
2018-05-09 07:33:54|   0.1|  0.0|INFORM|FME Configuration: Start freeing memory when process usage exceeds 191.83 GB of virtual memory
2018-05-09 07:33:54|   0.1|  0.0|INFORM|FME Configuration: Stop freeing memory when process usage is below 143.88 GB of virtual memory
2018-05-09 07:33:54|   0.1|  0.0|INFORM|Creating writer for format: 
2018-05-09 07:33:54|   0.2|  0.1|INFORM|Creating reader for format: Esri Shapefile
2018-05-09 07:33:55|   0.3|  0.0|INFORM|Using Shape Reader to read shape files from folder `C:\Users\Ah_Meisami\Downloads\Compressed\TM_WORLD_BORDERS-0.3/'
2018-05-09 07:33:55|   0.3|  0.0|INFORM|ESRISHAPE_1 Reader: Using enhanced geometry
2018-05-09 07:33:55|   0.3|  0.0|INFORM|Shape Reader: Using simple donut geometry detection
2018-05-09 07:33:55|   0.3|  0.0|INFORM|Shape Reader: Handling numeric types with standard integer and floating point types
2018-05-09 07:33:55|   0.3|  0.0|INFORM|Shape Reader: Allowing attribute names with mixed case
2018-05-09 07:33:55|   0.3|  0.0|INFORM|Opened Shape File 'C:\Users\Ah_Meisami\Downloads\Compressed\TM_WORLD_BORDERS-0.3\TM_WORLD_BORDERS-0.3.shp' for input
2018-05-09 07:33:55|   0.3|  0.0|INFORM|Opened DBF File 'C:\Users\Ah_Meisami\Downloads\Compressed\TM_WORLD_BORDERS-0.3\TM_WORLD_BORDERS-0.3.dbf' for input
2018-05-09 07:33:55|   0.3|  0.0|INFORM|DBF Reader: Detected character encoding `windows-1252'
2018-05-09 07:33:55|   0.3|  0.0|INFORM|DBF File 'C:\Users\Ah_Meisami\Downloads\Compressed\TM_WORLD_BORDERS-0.3\TM_WORLD_BORDERS-0.3.dbf' has fields: FIPS char(2), ISO2 char(2), ISO3 char(3), UN short, NAME char(50), AREA long, POP2005 long, REGION short, SUBREGION short, LON float, LAT float
2018-05-09 07:33:55|   0.5|  0.3|INFORM|The OGC definition of the FME coordinate system '_LL-WGS84_0' is 'GEOGCS["GCS_WGS_1984",DATUM["D_WGS_1984",SPHEROID["WGS_1984",6378137.0,298.257223563]],PRIMEM["Greenwich",0.0],UNIT["Degree",0.0174532925199433]]'
2018-05-09 07:33:55|   0.5|  0.0|INFORM|FME Configuration: Source coordinate system for reader ESRISHAPE_1[ESRISHAPE] set to `_LL-WGS84_0' as read from input data
2018-05-09 07:33:55|   0.5|  0.0|INFORM|Coordinate System `_LL-WGS84_0' parameters: CS_NAME=`_LL-WGS84_0' DESC_NM=`WGS84 Lat/Longs' DT_NAME=`WGS84' ESRI_WKT=`GEOGCS["GCS_WGS_1984",DATUM["D_WGS_1984",SPHEROID["WGS_1984",6378137.0,298.257223563]],PRIMEM["Greenwich",0.0],UNIT["Degree",0.0174532925199433]]' GROUP=`LL' MAP_SCL=`1' PROJ=`LL' QUAD=`1' SCL_RED=`1' UNIT=`DEGREE' 
2018-05-09 07:33:55|   0.5|  0.0|INFORM|Using MultiWriter with keyword `MULTI_WRITER' to output data (ID_ATTRIBUTE is `multi_writer_id')
2018-05-09 07:33:55|   0.5|  0.0|INFORM|Writer output will be ordered by value of multi_writer_id
2018-05-09 07:33:55|   0.5|  0.0|INFORM|Loaded module 'LogCount_func' from file 'C:\Program Files\FME\plugins/LogCount_func.dll'
2018-05-09 07:33:55|   0.5|  0.0|INFORM|FME API version of module 'LogCount_func' matches current internal version (3.8 20171030)
2018-05-09 07:33:55|   0.5|  0.0|INFORM|Shape Reader: Bounding box of shapefile `C:\Users\Ah_Meisami\Downloads\Compressed\TM_WORLD_BORDERS-0.3\TM_WORLD_BORDERS-0.3' is: (-179.99999999999997,-90),(180,83.62359600000008)
2018-05-09 07:33:55|   0.5|  0.0|INFORM|Shape Reader: Bounding box of shapefile(s) selected from folder `C:\Users\Ah_Meisami\Downloads\Compressed\TM_WORLD_BORDERS-0.3/' is: (-179.99999999999997,-90),(180,83.62359600000008)
2018-05-09 07:33:55|   0.5|  0.0|INFORM|Creating writer for format: GeoJSON (Geographic JavaScript Object Notation)
2018-05-09 07:33:55|   0.6|  0.0|INFORM|Trying to find a DYNAMIC plugin for writer named `GEOJSON'
2018-05-09 07:33:55|   0.6|  0.0|INFORM|Loaded module 'GEOJSON' from file 'C:\Program Files\FME\plugins/JSON.dll'
2018-05-09 07:33:55|   0.6|  0.0|INFORM|FME API version of module 'GEOJSON' matches current internal version (3.8 20171030)
2018-05-09 07:33:55|   0.6|  0.0|INFORM|FME Configuration: No destination coordinate system set
2018-05-09 07:33:55|   0.6|  0.0|INFORM|FME API version of module 'GEOJSON' matches current internal version (3.8 20171030)
2018-05-09 07:33:55|   0.6|  0.0|INFORM|Writer `GEOJSON_1' of type `GEOJSON' using group definition keyword `GEOJSON_1_DEF'
2018-05-09 07:33:55|   0.6|  0.0|INFORM|FME API version of module 'GEOJSON' matches current internal version (3.8 20171030)
2018-05-09 07:33:55|   0.6|  0.0|WARN  |GeoJSON Writer: All features being reprojected to WGS84
2018-05-09 07:33:55|   0.6|  0.0|INFORM|Opening the GEOJSON writer with destination dataset 'C:\Users\Ah_Meisami\Desktop\call wms from leaflet\world.json'
2018-05-09 07:33:55|   0.6|  0.0|INFORM|FME Configuration: Destination coordinate system set to input coordinate system `_LL-WGS84_0'
2018-05-09 07:33:55|   0.6|  0.0|INFORM|FME Configuration: Using FME Reprojection Engine
2018-05-09 07:33:55|   0.6|  0.1|INFORM|Emptying factory pipeline
2018-05-09 07:33:55|   0.6|  0.0|STATS |Router and Unexpected Input Remover(RoutingFactory): Tested 246 input feature(s), wrote 246 output feature(s): 246 matched merge filters, 246 were routed to output, 0 could not be routed.
2018-05-09 07:33:55|   0.6|  0.0|STATS |Unexpected Input Remover Nuker(TeeFactory): Cloned 0 input feature(s) into 0 output feature(s)
2018-05-09 07:33:55|   0.6|  0.0|STATS |TM_WORLD_BORDERS-0.3 (ESRISHAPE_1) Splitter(TeeFactory): Cloned 246 input feature(s) into 246 output feature(s)
2018-05-09 07:33:55|   0.6|  0.0|STATS |TM_WORLD_BORDERS-0.3_ESRISHAPE_1 Feature Counter -1 4(TeeFactory): Cloned 246 input feature(s) into 246 output feature(s)
2018-05-09 07:33:55|   0.6|  0.0|STATS |Destination Feature Type Routing Correlator(RoutingFactory): Tested 246 input feature(s), wrote 246 output feature(s): 0 matched merge filters, 246 were routed to output, 0 could not be routed.
2018-05-09 07:33:55|   0.6|  0.0|STATS |Final Output Nuker(TeeFactory): Cloned 0 input feature(s) into 0 output feature(s)
2018-05-09 07:33:56|   1.3|  0.6|INFORM|Closing the GEOJSON writer
2018-05-09 07:33:56|   1.3|  0.0|INFORM|=-=-=-=-=-=-=-=-=-=-=-=-=-=-=-=-=-=-=-=-=-=-=-=-=-=-=-=-=-=-=-=-=-=-=-=-=-=-=-
2018-05-09 07:33:56|   1.3|  0.0|INFORM|Feature output statistics for `GEOJSON' writer using keyword `GEOJSON_1':
2018-05-09 07:33:56|   1.3|  0.0|STATS |=-=-=-=-=-=-=-=-=-=-=-=-=-=-=-=-=-=-=-=-=-=-=-=-=-=-=-=-=-=-=-=-=-=-=-=-=-=-=-
2018-05-09 07:33:56|   1.3|  0.0|STATS |                               Features Written
2018-05-09 07:33:56|   1.3|  0.0|STATS |=-=-=-=-=-=-=-=-=-=-=-=-=-=-=-=-=-=-=-=-=-=-=-=-=-=-=-=-=-=-=-=-=-=-=-=-=-=-=-
2018-05-09 07:33:56|   1.3|  0.0|STATS |TM_WORLD_BORDERS-0.3                                                       246
2018-05-09 07:33:56|   1.3|  0.0|STATS |==============================================================================
2018-05-09 07:33:56|   1.3|  0.0|STATS |Total Features Written                                                     246
2018-05-09 07:33:56|   1.3|  0.0|STATS |=-=-=-=-=-=-=-=-=-=-=-=-=-=-=-=-=-=-=-=-=-=-=-=-=-=-=-=-=-=-=-=-=-=-=-=-=-=-=-
2018-05-09 07:33:56|   1.3|  0.0|STATS |=-=-=-=-=-=-=-=-=-=-=-=-=-=-=-=-=-=-=-=-=-=-=-=-=-=-=-=-=-=-=-=-=-=-=-=-=-=-=-
2018-05-09 07:33:56|   1.3|  0.0|STATS |                            Features Read Summary
2018-05-09 07:33:56|   1.3|  0.0|STATS |=-=-=-=-=-=-=-=-=-=-=-=-=-=-=-=-=-=-=-=-=-=-=-=-=-=-=-=-=-=-=-=-=-=-=-=-=-=-=-
2018-05-09 07:33:56|   1.3|  0.0|STATS |TM_WORLD_BORDERS-0.3                                                       246
2018-05-09 07:33:56|   1.3|  0.0|STATS |==============================================================================
2018-05-09 07:33:56|   1.3|  0.0|STATS |Total Features Read                                                        246
2018-05-09 07:33:56|   1.3|  0.0|STATS |=-=-=-=-=-=-=-=-=-=-=-=-=-=-=-=-=-=-=-=-=-=-=-=-=-=-=-=-=-=-=-=-=-=-=-=-=-=-=-
2018-05-09 07:33:56|   1.3|  0.0|STATS |=-=-=-=-=-=-=-=-=-=-=-=-=-=-=-=-=-=-=-=-=-=-=-=-=-=-=-=-=-=-=-=-=-=-=-=-=-=-=-
2018-05-09 07:33:56|   1.3|  0.0|STATS |                           Features Written Summary
2018-05-09 07:33:56|   1.3|  0.0|STATS |=-=-=-=-=-=-=-=-=-=-=-=-=-=-=-=-=-=-=-=-=-=-=-=-=-=-=-=-=-=-=-=-=-=-=-=-=-=-=-
2018-05-09 07:33:56|   1.3|  0.0|STATS |TM_WORLD_BORDERS-0.3                                                       246
2018-05-09 07:33:56|   1.3|  0.0|STATS |==============================================================================
2018-05-09 07:33:56|   1.3|  0.0|STATS |Total Features Written                                                     246
2018-05-09 07:33:56|   1.3|  0.0|STATS |=-=-=-=-=-=-=-=-=-=-=-=-=-=-=-=-=-=-=-=-=-=-=-=-=-=-=-=-=-=-=-=-=-=-=-=-=-=-=-
2018-05-09 07:33:56|   1.3|  0.0|INFORM|Translation was SUCCESSFUL with 1 warning(s) (246 feature(s) output)
2018-05-09 07:33:56|   1.3|  0.0|INFORM|FME Session Duration: 1.5 seconds. (CPU: 1.1s user, 0.1s system)
2018-05-09 07:33:56|   1.3|  0.0|INFORM|END - ProcessID: 5048, peak process memory usage: 88676 kB, current process memory usage: 81956 kB
